<?xml version="1.0" encoding="UTF-8"?>
<testng-results ignored="0" total="1" passed="1" failed="0" skipped="0">
  <reporter-output>
  </reporter-output>
  <suite started-at="2023-10-12T22:30:44Z" name="Suite" finished-at="2023-10-12T22:30:48Z" duration-ms="4098">
    <groups>
    </groups>
    <test started-at="2023-10-12T22:30:44Z" name="Test" finished-at="2023-10-12T22:30:48Z" duration-ms="4098">
      <class name="Assignment.Jenkins.testcase">
        <test-method signature="openAmazon()[pri:0, instance:Assignment.Jenkins.testcase@3fce8fd9]" started-at="2023-10-12T22:30:44Z" name="openAmazon" finished-at="2023-10-12T22:30:48Z" duration-ms="4067" status="PASS">
          <reporter-output>
          </reporter-output>
        </test-method> <!-- openAmazon -->
      </class> <!-- Assignment.Jenkins.testcase -->
    </test> <!-- Test -->
  </suite> <!-- Suite -->
</testng-results>
